Line 35: Class Threed.SSPanel of control Panel3D1 was not a loaded control class.
Line 49: Class Threed.SSPanel of control Panel3D3 was not a loaded control class.
Line 75: Class Threed.SSPanel of control Panel3D2 was not a loaded control class.
Line 124: Class Threed.SSCommand of control AboutOK was not a loaded control class.
Line 41: The property name _version in Panel3D1 is invalid.
Line 42: The property name _extentx in Panel3D1 is invalid.
Line 43: The property name _extenty in Panel3D1 is invalid.
Line 44: The property name _stockprops in Panel3D1 is invalid.
Line 46: The property name bevelwidth in Panel3D1 is invalid.
Line 47: The property name outline in Panel3D1 is invalid.
Line 48: The property name alignment in Panel3D1 is invalid.
Line 55: The property name _version in Panel3D3 is invalid.
Line 56: The property name _extentx in Panel3D3 is invalid.
Line 57: The property name _extenty in Panel3D3 is invalid.
Line 58: The property name _stockprops in Panel3D3 is invalid.
Line 59: The property name caption in Panel3D3 is invalid.
Line 71: The property name bevelouter in Panel3D3 is invalid.
Line 72: The property name font3d in Panel3D3 is invalid.
Line 73: The property name alignment in Panel3D3 is invalid.
Line 81: The property name _version in Panel3D2 is invalid.
Line 82: The property name _extentx in Panel3D2 is invalid.
Line 83: The property name _extenty in Panel3D2 is invalid.
Line 84: The property name _stockprops in Panel3D2 is invalid.
Line 86: The property name bevelouter in Panel3D2 is invalid.
Line 87: The property name alignment in Panel3D2 is invalid.
Line 130: The property name _version in AboutOK is invalid.
Line 131: The property name _extentx in AboutOK is invalid.
Line 132: The property name _extenty in AboutOK is invalid.
Line 133: The property name _stockprops in AboutOK is invalid.
Line 134: The property name caption in AboutOK is invalid.
