Line 29: Class Threed.SSPanel of control pnlCtrSelect was not a loaded control class.
Line 43: Class Threed.SSPanel of control pnlNewGrating was not a loaded control class.
Line 82: Class Threed.SSCommand of control cmdCanOK was not a loaded control class.
Line 96: Class Threed.SSCommand of control cmdCanOK was not a loaded control class.
Line 35: The property name _version in pnlCtrSelect is invalid.
Line 36: The property name _extentx in pnlCtrSelect is invalid.
Line 37: The property name _extenty in pnlCtrSelect is invalid.
Line 38: The property name _stockprops in pnlCtrSelect is invalid.
Line 40: The property name bevelwidth in pnlCtrSelect is invalid.
Line 41: The property name borderwidth in pnlCtrSelect is invalid.
Line 42: The property name alignment in pnlCtrSelect is invalid.
Line 49: The property name _version in pnlNewGrating is invalid.
Line 50: The property name _extentx in pnlNewGrating is invalid.
Line 51: The property name _extenty in pnlNewGrating is invalid.
Line 52: The property name _stockprops in pnlNewGrating is invalid.
Line 54: The property name bevelouter in pnlNewGrating is invalid.
Line 55: The property name alignment in pnlNewGrating is invalid.
Line 89: The property name _version in cmdCanOK is invalid.
Line 90: The property name _extentx in cmdCanOK is invalid.
Line 91: The property name _extenty in cmdCanOK is invalid.
Line 92: The property name _stockprops in cmdCanOK is invalid.
Line 93: The property name caption in cmdCanOK is invalid.
Line 103: The property name _version in cmdCanOK is invalid.
Line 104: The property name _extentx in cmdCanOK is invalid.
Line 105: The property name _extenty in cmdCanOK is invalid.
Line 106: The property name _stockprops in cmdCanOK is invalid.
Line 107: The property name caption in cmdCanOK is invalid.
