Line 29: Class Threed.SSPanel of control pnlCtrIncDec was not a loaded control class.
Line 43: Class Threed.SSPanel of control pnlBkGnd was not a loaded control class.
Line 86: Class Threed.SSPanel of control pnlStepM1 was not a loaded control class.
Line 112: Class Threed.SSPanel of control pnlWL was not a loaded control class.
Line 223: Class Threed.SSCommand of control cmdCanOK was not a loaded control class.
Line 237: Class Threed.SSCommand of control cmdCanOK was not a loaded control class.
Line 35: The property name _version in pnlCtrIncDec is invalid.
Line 36: The property name _extentx in pnlCtrIncDec is invalid.
Line 37: The property name _extenty in pnlCtrIncDec is invalid.
Line 38: The property name _stockprops in pnlCtrIncDec is invalid.
Line 40: The property name bevelwidth in pnlCtrIncDec is invalid.
Line 41: The property name borderwidth in pnlCtrIncDec is invalid.
Line 42: The property name alignment in pnlCtrIncDec is invalid.
Line 50: The property name _version in pnlBkGnd is invalid.
Line 51: The property name _extentx in pnlBkGnd is invalid.
Line 52: The property name _extenty in pnlBkGnd is invalid.
Line 53: The property name _stockprops in pnlBkGnd is invalid.
Line 55: The property name bevelwidth in pnlBkGnd is invalid.
Line 56: The property name borderwidth in pnlBkGnd is invalid.
Line 57: The property name alignment in pnlBkGnd is invalid.
Line 92: The property name _version in pnlStepM1 is invalid.
Line 93: The property name _extentx in pnlStepM1 is invalid.
Line 94: The property name _extenty in pnlStepM1 is invalid.
Line 95: The property name _stockprops in pnlStepM1 is invalid.
Line 96: The property name caption in pnlStepM1 is invalid.
Line 108: The property name borderwidth in pnlStepM1 is invalid.
Line 109: The property name bevelouter in pnlStepM1 is invalid.
Line 110: The property name bevelinner in pnlStepM1 is invalid.
Line 118: The property name _version in pnlWL is invalid.
Line 119: The property name _extentx in pnlWL is invalid.
Line 120: The property name _extenty in pnlWL is invalid.
Line 121: The property name _stockprops in pnlWL is invalid.
Line 122: The property name caption in pnlWL is invalid.
Line 134: The property name borderwidth in pnlWL is invalid.
Line 135: The property name bevelouter in pnlWL is invalid.
Line 136: The property name bevelinner in pnlWL is invalid.
Line 230: The property name _version in cmdCanOK is invalid.
Line 231: The property name _extentx in cmdCanOK is invalid.
Line 232: The property name _extenty in cmdCanOK is invalid.
Line 233: The property name _stockprops in cmdCanOK is invalid.
Line 234: The property name caption in cmdCanOK is invalid.
Line 244: The property name _version in cmdCanOK is invalid.
Line 245: The property name _extentx in cmdCanOK is invalid.
Line 246: The property name _extenty in cmdCanOK is invalid.
Line 247: The property name _stockprops in cmdCanOK is invalid.
Line 248: The property name caption in cmdCanOK is invalid.
