Line 28: Class Threed.SSPanel of control pnlCtrScan was not a loaded control class.
Line 42: Class Threed.SSPanel of control pnlWL was not a loaded control class.
Line 104: Class Threed.SSPanel of control pnlWL was not a loaded control class.
Line 167: Class Threed.SSCommand of control cmdCanOK was not a loaded control class.
Line 181: Class Threed.SSCommand of control cmdCanOK was not a loaded control class.
Line 34: The property name _version in pnlCtrScan is invalid.
Line 35: The property name _extentx in pnlCtrScan is invalid.
Line 36: The property name _extenty in pnlCtrScan is invalid.
Line 37: The property name _stockprops in pnlCtrScan is invalid.
Line 39: The property name bevelwidth in pnlCtrScan is invalid.
Line 40: The property name borderwidth in pnlCtrScan is invalid.
Line 41: The property name alignment in pnlCtrScan is invalid.
Line 49: The property name _version in pnlWL is invalid.
Line 50: The property name _extentx in pnlWL is invalid.
Line 51: The property name _extenty in pnlWL is invalid.
Line 52: The property name _stockprops in pnlWL is invalid.
Line 54: The property name bevelouter in pnlWL is invalid.
Line 55: The property name alignment in pnlWL is invalid.
Line 111: The property name _version in pnlWL is invalid.
Line 112: The property name _extentx in pnlWL is invalid.
Line 113: The property name _extenty in pnlWL is invalid.
Line 114: The property name _stockprops in pnlWL is invalid.
Line 116: The property name bevelouter in pnlWL is invalid.
Line 117: The property name alignment in pnlWL is invalid.
Line 174: The property name _version in cmdCanOK is invalid.
Line 175: The property name _extentx in cmdCanOK is invalid.
Line 176: The property name _extenty in cmdCanOK is invalid.
Line 177: The property name _stockprops in cmdCanOK is invalid.
Line 178: The property name caption in cmdCanOK is invalid.
Line 188: The property name _version in cmdCanOK is invalid.
Line 189: The property name _extentx in cmdCanOK is invalid.
Line 190: The property name _extenty in cmdCanOK is invalid.
Line 191: The property name _stockprops in cmdCanOK is invalid.
Line 192: The property name caption in cmdCanOK is invalid.
