Line 29: Class Threed.SSPanel of control pnlCtrSize was not a loaded control class.
Line 43: Class Threed.SSPanel of control pnlSize was not a loaded control class.
Line 104: Class Threed.SSCommand of control cmdCanOK was not a loaded control class.
Line 118: Class Threed.SSCommand of control cmdCanOK was not a loaded control class.
Line 35: The property name _version in pnlCtrSize is invalid.
Line 36: The property name _extentx in pnlCtrSize is invalid.
Line 37: The property name _extenty in pnlCtrSize is invalid.
Line 38: The property name _stockprops in pnlCtrSize is invalid.
Line 40: The property name bevelwidth in pnlCtrSize is invalid.
Line 41: The property name borderwidth in pnlCtrSize is invalid.
Line 42: The property name alignment in pnlCtrSize is invalid.
Line 49: The property name _version in pnlSize is invalid.
Line 50: The property name _extentx in pnlSize is invalid.
Line 51: The property name _extenty in pnlSize is invalid.
Line 52: The property name _stockprops in pnlSize is invalid.
Line 54: The property name bevelouter in pnlSize is invalid.
Line 55: The property name alignment in pnlSize is invalid.
Line 111: The property name _version in cmdCanOK is invalid.
Line 112: The property name _extentx in cmdCanOK is invalid.
Line 113: The property name _extenty in cmdCanOK is invalid.
Line 114: The property name _stockprops in cmdCanOK is invalid.
Line 115: The property name caption in cmdCanOK is invalid.
Line 125: The property name _version in cmdCanOK is invalid.
Line 126: The property name _extentx in cmdCanOK is invalid.
Line 127: The property name _extenty in cmdCanOK is invalid.
Line 128: The property name _stockprops in cmdCanOK is invalid.
Line 129: The property name caption in cmdCanOK is invalid.
