Line 27: Class Threed.SSPanel of control pnlLBMessg was not a loaded control class.
Line 43: Class Threed.SSPanel of control pnlLoopback was not a loaded control class.
Line 57: Class Threed.SSPanel of control pnlLBMessg was not a loaded control class.
Line 83: Class Threed.SSPanel of control pnlLBMessg was not a loaded control class.
Line 109: Class Threed.SSCommand of control cmdCanOK was not a loaded control class.
Line 123: Class Threed.SSCommand of control cmdCanOK was not a loaded control class.
Line 34: The property name _version in pnlLBMessg is invalid.
Line 35: The property name _extentx in pnlLBMessg is invalid.
Line 36: The property name _extenty in pnlLBMessg is invalid.
Line 37: The property name _stockprops in pnlLBMessg is invalid.
Line 38: The property name caption in pnlLBMessg is invalid.
Line 40: The property name bevelouter in pnlLBMessg is invalid.
Line 41: The property name alignment in pnlLBMessg is invalid.
Line 49: The property name _version in pnlLoopback is invalid.
Line 50: The property name _extentx in pnlLoopback is invalid.
Line 51: The property name _extenty in pnlLoopback is invalid.
Line 52: The property name _stockprops in pnlLoopback is invalid.
Line 54: The property name bevelwidth in pnlLoopback is invalid.
Line 55: The property name borderwidth in pnlLoopback is invalid.
Line 56: The property name alignment in pnlLoopback is invalid.
Line 64: The property name _version in pnlLBMessg is invalid.
Line 65: The property name _extentx in pnlLBMessg is invalid.
Line 66: The property name _extenty in pnlLBMessg is invalid.
Line 67: The property name _stockprops in pnlLBMessg is invalid.
Line 68: The property name caption in pnlLBMessg is invalid.
Line 80: The property name bevelouter in pnlLBMessg is invalid.
Line 81: The property name alignment in pnlLBMessg is invalid.
Line 90: The property name _version in pnlLBMessg is invalid.
Line 91: The property name _extentx in pnlLBMessg is invalid.
Line 92: The property name _extenty in pnlLBMessg is invalid.
Line 93: The property name _stockprops in pnlLBMessg is invalid.
Line 94: The property name caption in pnlLBMessg is invalid.
Line 106: The property name bevelouter in pnlLBMessg is invalid.
Line 107: The property name alignment in pnlLBMessg is invalid.
Line 116: The property name _version in cmdCanOK is invalid.
Line 117: The property name _extentx in cmdCanOK is invalid.
Line 118: The property name _extenty in cmdCanOK is invalid.
Line 119: The property name _stockprops in cmdCanOK is invalid.
Line 120: The property name caption in cmdCanOK is invalid.
Line 130: The property name _version in cmdCanOK is invalid.
Line 131: The property name _extentx in cmdCanOK is invalid.
Line 132: The property name _extenty in cmdCanOK is invalid.
Line 133: The property name _stockprops in cmdCanOK is invalid.
Line 134: The property name caption in cmdCanOK is invalid.
