Line 29: Class Threed.SSPanel of control pnlNovCont was not a loaded control class.
Line 43: Class Threed.SSPanel of control pnlNovram was not a loaded control class.
Line 83: Class Threed.SSPanel of control pnlNovram was not a loaded control class.
Line 123: Class Threed.SSCommand of control cmdCanOK was not a loaded control class.
Line 137: Class Threed.SSCommand of control cmdCanOK was not a loaded control class.
Line 35: The property name _version in pnlNovCont is invalid.
Line 36: The property name _extentx in pnlNovCont is invalid.
Line 37: The property name _extenty in pnlNovCont is invalid.
Line 38: The property name _stockprops in pnlNovCont is invalid.
Line 40: The property name bevelwidth in pnlNovCont is invalid.
Line 41: The property name borderwidth in pnlNovCont is invalid.
Line 42: The property name alignment in pnlNovCont is invalid.
Line 50: The property name _version in pnlNovram is invalid.
Line 51: The property name _extentx in pnlNovram is invalid.
Line 52: The property name _extenty in pnlNovram is invalid.
Line 53: The property name _stockprops in pnlNovram is invalid.
Line 55: The property name bevelouter in pnlNovram is invalid.
Line 56: The property name alignment in pnlNovram is invalid.
Line 90: The property name _version in pnlNovram is invalid.
Line 91: The property name _extentx in pnlNovram is invalid.
Line 92: The property name _extenty in pnlNovram is invalid.
Line 93: The property name _stockprops in pnlNovram is invalid.
Line 95: The property name bevelouter in pnlNovram is invalid.
Line 96: The property name alignment in pnlNovram is invalid.
Line 130: The property name _version in cmdCanOK is invalid.
Line 131: The property name _extentx in cmdCanOK is invalid.
Line 132: The property name _extenty in cmdCanOK is invalid.
Line 133: The property name _stockprops in cmdCanOK is invalid.
Line 134: The property name caption in cmdCanOK is invalid.
Line 144: The property name _version in cmdCanOK is invalid.
Line 145: The property name _extentx in cmdCanOK is invalid.
Line 146: The property name _extenty in cmdCanOK is invalid.
Line 147: The property name _stockprops in cmdCanOK is invalid.
Line 148: The property name caption in cmdCanOK is invalid.
