Line 28: Class MSFlexGridLib.MSFlexGrid of control grdNovramU was not a loaded control class.
Line 41: Class MSFlexGridLib.MSFlexGrid of control grdNovramU1 was not a loaded control class.
Line 82: Class MSFlexGridLib.MSFlexGrid of control grdNovramU2 was not a loaded control class.
Line 34: The property name _ExtentX in grdNovramU is invalid.
Line 35: The property name _ExtentY in grdNovramU is invalid.
Line 36: The property name _Version in grdNovramU is invalid.
Line 37: The property name Rows in grdNovramU is invalid.
Line 38: The property name Cols in grdNovramU is invalid.
Line 39: The property name BackColorBkg in grdNovramU is invalid.
Line 47: The property name _ExtentX in grdNovramU1 is invalid.
Line 48: The property name _ExtentY in grdNovramU1 is invalid.
Line 49: The property name _Version in grdNovramU1 is invalid.
Line 50: The property name BackColorBkg in grdNovramU1 is invalid.
Line 88: The property name _ExtentX in grdNovramU2 is invalid.
Line 89: The property name _ExtentY in grdNovramU2 is invalid.
Line 90: The property name _Version in grdNovramU2 is invalid.
Line 91: The property name BackColorBkg in grdNovramU2 is invalid.
Line 34: The property name _ExtentX in grdNovramU is invalid.
Line 35: The property name _ExtentY in grdNovramU is invalid.
Line 36: The property name _Version in grdNovramU is invalid.
Line 37: The property name Rows in grdNovramU is invalid.
Line 38: The property name Cols in grdNovramU is invalid.
Line 39: The property name BackColorBkg in grdNovramU is invalid.
Line 47: The property name _ExtentX in grdNovramU1 is invalid.
Line 48: The property name _ExtentY in grdNovramU1 is invalid.
Line 49: The property name _Version in grdNovramU1 is invalid.
Line 50: The property name BackColorBkg in grdNovramU1 is invalid.
Line 88: The property name _ExtentX in grdNovramU2 is invalid.
Line 89: The property name _ExtentY in grdNovramU2 is invalid.
Line 90: The property name _Version in grdNovramU2 is invalid.
Line 91: The property name BackColorBkg in grdNovramU2 is invalid.
Line 34: The property name _ExtentX in grdNovramU is invalid.
Line 35: The property name _ExtentY in grdNovramU is invalid.
Line 36: The property name _Version in grdNovramU is invalid.
Line 37: The property name Rows in grdNovramU is invalid.
Line 38: The property name Cols in grdNovramU is invalid.
Line 39: The property name BackColorBkg in grdNovramU is invalid.
Line 47: The property name _ExtentX in grdNovramU1 is invalid.
Line 48: The property name _ExtentY in grdNovramU1 is invalid.
Line 49: The property name _Version in grdNovramU1 is invalid.
Line 50: The property name BackColorBkg in grdNovramU1 is invalid.
Line 88: The property name _ExtentX in grdNovramU2 is invalid.
Line 89: The property name _ExtentY in grdNovramU2 is invalid.
Line 90: The property name _Version in grdNovramU2 is invalid.
Line 91: The property name BackColorBkg in grdNovramU2 is invalid.
Line 34: The property name _ExtentX in grdNovramU is invalid.
Line 35: The property name _ExtentY in grdNovramU is invalid.
Line 36: The property name _Version in grdNovramU is invalid.
Line 37: The property name Rows in grdNovramU is invalid.
Line 38: The property name Cols in grdNovramU is invalid.
Line 39: The property name BackColorBkg in grdNovramU is invalid.
Line 47: The property name _ExtentX in grdNovramU1 is invalid.
Line 48: The property name _ExtentY in grdNovramU1 is invalid.
Line 49: The property name _Version in grdNovramU1 is invalid.
Line 50: The property name BackColorBkg in grdNovramU1 is invalid.
Line 88: The property name _ExtentX in grdNovramU2 is invalid.
Line 89: The property name _ExtentY in grdNovramU2 is invalid.
Line 90: The property name _Version in grdNovramU2 is invalid.
Line 91: The property name BackColorBkg in grdNovramU2 is invalid.
Line 34: The property name _ExtentX in grdNovramU is invalid.
Line 35: The property name _ExtentY in grdNovramU is invalid.
Line 36: The property name _Version in grdNovramU is invalid.
Line 37: The property name Rows in grdNovramU is invalid.
Line 38: The property name Cols in grdNovramU is invalid.
Line 39: The property name BackColorBkg in grdNovramU is invalid.
Line 47: The property name _ExtentX in grdNovramU1 is invalid.
Line 48: The property name _ExtentY in grdNovramU1 is invalid.
Line 49: The property name _Version in grdNovramU1 is invalid.
Line 50: The property name BackColorBkg in grdNovramU1 is invalid.
Line 88: The property name _ExtentX in grdNovramU2 is invalid.
Line 89: The property name _ExtentY in grdNovramU2 is invalid.
Line 90: The property name _Version in grdNovramU2 is invalid.
Line 91: The property name BackColorBkg in grdNovramU2 is invalid.
Line 34: The property name _ExtentX in grdNovramU is invalid.
Line 35: The property name _ExtentY in grdNovramU is invalid.
Line 36: The property name _Version in grdNovramU is invalid.
Line 37: The property name Rows in grdNovramU is invalid.
Line 38: The property name Cols in grdNovramU is invalid.
Line 39: The property name BackColorBkg in grdNovramU is invalid.
Line 47: The property name _ExtentX in grdNovramU1 is invalid.
Line 48: The property name _ExtentY in grdNovramU1 is invalid.
Line 49: The property name _Version in grdNovramU1 is invalid.
Line 50: The property name BackColorBkg in grdNovramU1 is invalid.
Line 88: The property name _ExtentX in grdNovramU2 is invalid.
Line 89: The property name _ExtentY in grdNovramU2 is invalid.
Line 90: The property name _Version in grdNovramU2 is invalid.
Line 91: The property name BackColorBkg in grdNovramU2 is invalid.
Line 34: The property name _ExtentX in grdNovramU is invalid.
Line 35: The property name _ExtentY in grdNovramU is invalid.
Line 36: The property name _Version in grdNovramU is invalid.
Line 37: The property name Rows in grdNovramU is invalid.
Line 38: The property name Cols in grdNovramU is invalid.
Line 39: The property name BackColorBkg in grdNovramU is invalid.
Line 47: The property name _ExtentX in grdNovramU1 is invalid.
Line 48: The property name _ExtentY in grdNovramU1 is invalid.
Line 49: The property name _Version in grdNovramU1 is invalid.
Line 50: The property name BackColorBkg in grdNovramU1 is invalid.
Line 88: The property name _ExtentX in grdNovramU2 is invalid.
Line 89: The property name _ExtentY in grdNovramU2 is invalid.
Line 90: The property name _Version in grdNovramU2 is invalid.
Line 91: The property name BackColorBkg in grdNovramU2 is invalid.
Line 34: The property name _ExtentX in grdNovramU is invalid.
Line 35: The property name _ExtentY in grdNovramU is invalid.
Line 36: The property name _Version in grdNovramU is invalid.
Line 37: The property name Rows in grdNovramU is invalid.
Line 38: The property name Cols in grdNovramU is invalid.
Line 39: The property name BackColorBkg in grdNovramU is invalid.
Line 47: The property name _ExtentX in grdNovramU1 is invalid.
Line 48: The property name _ExtentY in grdNovramU1 is invalid.
Line 49: The property name _Version in grdNovramU1 is invalid.
Line 50: The property name BackColorBkg in grdNovramU1 is invalid.
Line 88: The property name _ExtentX in grdNovramU2 is invalid.
Line 89: The property name _ExtentY in grdNovramU2 is invalid.
Line 90: The property name _Version in grdNovramU2 is invalid.
Line 91: The property name BackColorBkg in grdNovramU2 is invalid.
Line 34: The property name _ExtentX in grdNovramU is invalid.
Line 35: The property name _ExtentY in grdNovramU is invalid.
Line 36: The property name _Version in grdNovramU is invalid.
Line 37: The property name Rows in grdNovramU is invalid.
Line 38: The property name Cols in grdNovramU is invalid.
Line 39: The property name BackColorBkg in grdNovramU is invalid.
Line 47: The property name _ExtentX in grdNovramU1 is invalid.
Line 48: The property name _ExtentY in grdNovramU1 is invalid.
Line 49: The property name _Version in grdNovramU1 is invalid.
Line 50: The property name BackColorBkg in grdNovramU1 is invalid.
Line 88: The property name _ExtentX in grdNovramU2 is invalid.
Line 89: The property name _ExtentY in grdNovramU2 is invalid.
Line 90: The property name _Version in grdNovramU2 is invalid.
Line 91: The property name BackColorBkg in grdNovramU2 is invalid.
