Line 29: Class Threed.SSPanel of control pnlCtsRts was not a loaded control class.
Line 43: Class Threed.SSFrame of control fraOrder was not a loaded control class.
Line 54: Class Threed.SSOption of control optCts was not a loaded control class.
Line 76: Class Threed.SSOption of control optCts was not a loaded control class.
Line 100: Class Threed.SSFrame of control fraRTS was not a loaded control class.
Line 111: Class Threed.SSOption of control optRTS was not a loaded control class.
Line 133: Class Threed.SSOption of control optRTS was not a loaded control class.
Line 157: Class Threed.SSCommand of control cmdCanOK was not a loaded control class.
Line 171: Class Threed.SSCommand of control cmdCanOK was not a loaded control class.
Line 35: The property name _version in pnlCtsRts is invalid.
Line 36: The property name _extentx in pnlCtsRts is invalid.
Line 37: The property name _extenty in pnlCtsRts is invalid.
Line 38: The property name _stockprops in pnlCtsRts is invalid.
Line 40: The property name bevelwidth in pnlCtsRts is invalid.
Line 41: The property name borderwidth in pnlCtsRts is invalid.
Line 42: The property name alignment in pnlCtsRts is invalid.
Line 49: The property name _version in fraOrder is invalid.
Line 50: The property name _extentx in fraOrder is invalid.
Line 51: The property name _extenty in fraOrder is invalid.
Line 52: The property name _stockprops in fraOrder is invalid.
Line 53: The property name caption in fraOrder is invalid.
Line 61: The property name _version in optCts is invalid.
Line 62: The property name _extentx in optCts is invalid.
Line 63: The property name _extenty in optCts is invalid.
Line 64: The property name _stockprops in optCts is invalid.
Line 65: The property name caption in optCts is invalid.
Line 84: The property name _version in optCts is invalid.
Line 85: The property name _extentx in optCts is invalid.
Line 86: The property name _extenty in optCts is invalid.
Line 87: The property name _stockprops in optCts is invalid.
Line 88: The property name caption in optCts is invalid.
Line 106: The property name _version in fraRTS is invalid.
Line 107: The property name _extentx in fraRTS is invalid.
Line 108: The property name _extenty in fraRTS is invalid.
Line 109: The property name _stockprops in fraRTS is invalid.
Line 110: The property name caption in fraRTS is invalid.
Line 118: The property name _version in optRTS is invalid.
Line 119: The property name _extentx in optRTS is invalid.
Line 120: The property name _extenty in optRTS is invalid.
Line 121: The property name _stockprops in optRTS is invalid.
Line 122: The property name caption in optRTS is invalid.
Line 141: The property name _version in optRTS is invalid.
Line 142: The property name _extentx in optRTS is invalid.
Line 143: The property name _extenty in optRTS is invalid.
Line 144: The property name _stockprops in optRTS is invalid.
Line 145: The property name caption in optRTS is invalid.
Line 164: The property name _version in cmdCanOK is invalid.
Line 165: The property name _extentx in cmdCanOK is invalid.
Line 166: The property name _extenty in cmdCanOK is invalid.
Line 167: The property name _stockprops in cmdCanOK is invalid.
Line 168: The property name caption in cmdCanOK is invalid.
Line 178: The property name _version in cmdCanOK is invalid.
Line 179: The property name _extentx in cmdCanOK is invalid.
Line 180: The property name _extenty in cmdCanOK is invalid.
Line 181: The property name _stockprops in cmdCanOK is invalid.
Line 182: The property name caption in cmdCanOK is invalid.
