Line 58: Class Threed.SSPanel of control pnlSetCOM was not a loaded control class.
Line 83: Class Threed.SSPanel of control pnlBaudRate was not a loaded control class.
Line 110: Class Threed.SSPanel of control pnlPortNumber was not a loaded control class.
Line 126: Class Threed.SSCommand of control cmdCanOK was not a loaded control class.
Line 140: Class Threed.SSCommand of control cmdCanOK was not a loaded control class.
Line 64: The property name _version in pnlSetCOM is invalid.
Line 65: The property name _extentx in pnlSetCOM is invalid.
Line 66: The property name _extenty in pnlSetCOM is invalid.
Line 67: The property name _stockprops in pnlSetCOM is invalid.
Line 69: The property name bevelwidth in pnlSetCOM is invalid.
Line 70: The property name borderwidth in pnlSetCOM is invalid.
Line 71: The property name alignment in pnlSetCOM is invalid.
Line 89: The property name _version in pnlBaudRate is invalid.
Line 90: The property name _extentx in pnlBaudRate is invalid.
Line 91: The property name _extenty in pnlBaudRate is invalid.
Line 92: The property name _stockprops in pnlBaudRate is invalid.
Line 93: The property name caption in pnlBaudRate is invalid.
Line 95: The property name bevelwidth in pnlBaudRate is invalid.
Line 96: The property name borderwidth in pnlBaudRate is invalid.
Line 97: The property name alignment in pnlBaudRate is invalid.
Line 116: The property name _version in pnlPortNumber is invalid.
Line 117: The property name _extentx in pnlPortNumber is invalid.
Line 118: The property name _extenty in pnlPortNumber is invalid.
Line 119: The property name _stockprops in pnlPortNumber is invalid.
Line 120: The property name caption in pnlPortNumber is invalid.
Line 122: The property name bevelwidth in pnlPortNumber is invalid.
Line 123: The property name borderwidth in pnlPortNumber is invalid.
Line 124: The property name alignment in pnlPortNumber is invalid.
Line 133: The property name _version in cmdCanOK is invalid.
Line 134: The property name _extentx in cmdCanOK is invalid.
Line 135: The property name _extenty in cmdCanOK is invalid.
Line 136: The property name _stockprops in cmdCanOK is invalid.
Line 137: The property name caption in cmdCanOK is invalid.
Line 147: The property name _version in cmdCanOK is invalid.
Line 148: The property name _extentx in cmdCanOK is invalid.
Line 149: The property name _extenty in cmdCanOK is invalid.
Line 150: The property name _stockprops in cmdCanOK is invalid.
Line 151: The property name caption in cmdCanOK is invalid.
