Line 29: Class Threed.SSPanel of control pnlSetSlits was not a loaded control class.
Line 43: Class Threed.SSFrame of control fraSlits was not a loaded control class.
Line 54: Class Threed.SSOption of control optSltAdj was not a loaded control class.
Line 77: Class Threed.SSOption of control optSltAdj was not a loaded control class.
Line 100: Class Threed.SSOption of control optSltAdj was not a loaded control class.
Line 124: Class Threed.SSPanel of control pnlSW was not a loaded control class.
Line 187: Class Threed.SSPanel of control pnlSW was not a loaded control class.
Line 250: Class Threed.SSPanel of control pnlSW was not a loaded control class.
Line 313: Class Threed.SSCommand of control cmdCanOK was not a loaded control class.
Line 327: Class Threed.SSCommand of control cmdCanOK was not a loaded control class.
Line 35: The property name _version in pnlSetSlits is invalid.
Line 36: The property name _extentx in pnlSetSlits is invalid.
Line 37: The property name _extenty in pnlSetSlits is invalid.
Line 38: The property name _stockprops in pnlSetSlits is invalid.
Line 40: The property name bevelwidth in pnlSetSlits is invalid.
Line 41: The property name borderwidth in pnlSetSlits is invalid.
Line 42: The property name alignment in pnlSetSlits is invalid.
Line 49: The property name _version in fraSlits is invalid.
Line 50: The property name _extentx in fraSlits is invalid.
Line 51: The property name _extenty in fraSlits is invalid.
Line 52: The property name _stockprops in fraSlits is invalid.
Line 53: The property name caption in fraSlits is invalid.
Line 62: The property name _version in optSltAdj is invalid.
Line 63: The property name _extentx in optSltAdj is invalid.
Line 64: The property name _extenty in optSltAdj is invalid.
Line 65: The property name _stockprops in optSltAdj is invalid.
Line 66: The property name caption in optSltAdj is invalid.
Line 85: The property name _version in optSltAdj is invalid.
Line 86: The property name _extentx in optSltAdj is invalid.
Line 87: The property name _extenty in optSltAdj is invalid.
Line 88: The property name _stockprops in optSltAdj is invalid.
Line 89: The property name caption in optSltAdj is invalid.
Line 108: The property name _version in optSltAdj is invalid.
Line 109: The property name _extentx in optSltAdj is invalid.
Line 110: The property name _extenty in optSltAdj is invalid.
Line 111: The property name _stockprops in optSltAdj is invalid.
Line 112: The property name caption in optSltAdj is invalid.
Line 131: The property name _version in pnlSW is invalid.
Line 132: The property name _extentx in pnlSW is invalid.
Line 133: The property name _extenty in pnlSW is invalid.
Line 134: The property name _stockprops in pnlSW is invalid.
Line 136: The property name bevelouter in pnlSW is invalid.
Line 137: The property name alignment in pnlSW is invalid.
Line 194: The property name _version in pnlSW is invalid.
Line 195: The property name _extentx in pnlSW is invalid.
Line 196: The property name _extenty in pnlSW is invalid.
Line 197: The property name _stockprops in pnlSW is invalid.
Line 199: The property name bevelouter in pnlSW is invalid.
Line 200: The property name alignment in pnlSW is invalid.
Line 257: The property name _version in pnlSW is invalid.
Line 258: The property name _extentx in pnlSW is invalid.
Line 259: The property name _extenty in pnlSW is invalid.
Line 260: The property name _stockprops in pnlSW is invalid.
Line 262: The property name bevelouter in pnlSW is invalid.
Line 263: The property name alignment in pnlSW is invalid.
Line 320: The property name _version in cmdCanOK is invalid.
Line 321: The property name _extentx in cmdCanOK is invalid.
Line 322: The property name _extenty in cmdCanOK is invalid.
Line 323: The property name _stockprops in cmdCanOK is invalid.
Line 324: The property name caption in cmdCanOK is invalid.
Line 334: The property name _version in cmdCanOK is invalid.
Line 335: The property name _extentx in cmdCanOK is invalid.
Line 336: The property name _extenty in cmdCanOK is invalid.
Line 337: The property name _stockprops in cmdCanOK is invalid.
Line 338: The property name caption in cmdCanOK is invalid.
