Line 29: Class Threed.SSPanel of control pnlSetZero was not a loaded control class.
Line 43: Class Threed.SSPanel of control pnlBkGnd was not a loaded control class.
Line 86: Class Threed.SSPanel of control pnlOffsetM2 was not a loaded control class.
Line 112: Class Threed.SSPanel of control pnlStepM2 was not a loaded control class.
Line 201: Class Threed.SSPanel of control pnlBkGnd was not a loaded control class.
Line 244: Class Threed.SSPanel of control pnlOffsetM1 was not a loaded control class.
Line 270: Class Threed.SSPanel of control pnlStepM1 was not a loaded control class.
Line 359: Class Threed.SSCommand of control cmdCanOK was not a loaded control class.
Line 373: Class Threed.SSCommand of control cmdCanOK was not a loaded control class.
Line 35: The property name _version in pnlSetZero is invalid.
Line 36: The property name _extentx in pnlSetZero is invalid.
Line 37: The property name _extenty in pnlSetZero is invalid.
Line 38: The property name _stockprops in pnlSetZero is invalid.
Line 40: The property name bevelwidth in pnlSetZero is invalid.
Line 41: The property name borderwidth in pnlSetZero is invalid.
Line 42: The property name alignment in pnlSetZero is invalid.
Line 50: The property name _version in pnlBkGnd is invalid.
Line 51: The property name _extentx in pnlBkGnd is invalid.
Line 52: The property name _extenty in pnlBkGnd is invalid.
Line 53: The property name _stockprops in pnlBkGnd is invalid.
Line 55: The property name bevelwidth in pnlBkGnd is invalid.
Line 56: The property name borderwidth in pnlBkGnd is invalid.
Line 57: The property name alignment in pnlBkGnd is invalid.
Line 92: The property name _version in pnlOffsetM2 is invalid.
Line 93: The property name _extentx in pnlOffsetM2 is invalid.
Line 94: The property name _extenty in pnlOffsetM2 is invalid.
Line 95: The property name _stockprops in pnlOffsetM2 is invalid.
Line 96: The property name caption in pnlOffsetM2 is invalid.
Line 108: The property name borderwidth in pnlOffsetM2 is invalid.
Line 109: The property name bevelouter in pnlOffsetM2 is invalid.
Line 110: The property name bevelinner in pnlOffsetM2 is invalid.
Line 118: The property name _version in pnlStepM2 is invalid.
Line 119: The property name _extentx in pnlStepM2 is invalid.
Line 120: The property name _extenty in pnlStepM2 is invalid.
Line 121: The property name _stockprops in pnlStepM2 is invalid.
Line 122: The property name caption in pnlStepM2 is invalid.
Line 134: The property name borderwidth in pnlStepM2 is invalid.
Line 135: The property name bevelouter in pnlStepM2 is invalid.
Line 136: The property name bevelinner in pnlStepM2 is invalid.
Line 208: The property name _version in pnlBkGnd is invalid.
Line 209: The property name _extentx in pnlBkGnd is invalid.
Line 210: The property name _extenty in pnlBkGnd is invalid.
Line 211: The property name _stockprops in pnlBkGnd is invalid.
Line 213: The property name bevelwidth in pnlBkGnd is invalid.
Line 214: The property name borderwidth in pnlBkGnd is invalid.
Line 215: The property name alignment in pnlBkGnd is invalid.
Line 250: The property name _version in pnlOffsetM1 is invalid.
Line 251: The property name _extentx in pnlOffsetM1 is invalid.
Line 252: The property name _extenty in pnlOffsetM1 is invalid.
Line 253: The property name _stockprops in pnlOffsetM1 is invalid.
Line 254: The property name caption in pnlOffsetM1 is invalid.
Line 266: The property name borderwidth in pnlOffsetM1 is invalid.
Line 267: The property name bevelouter in pnlOffsetM1 is invalid.
Line 268: The property name bevelinner in pnlOffsetM1 is invalid.
Line 276: The property name _version in pnlStepM1 is invalid.
Line 277: The property name _extentx in pnlStepM1 is invalid.
Line 278: The property name _extenty in pnlStepM1 is invalid.
Line 279: The property name _stockprops in pnlStepM1 is invalid.
Line 280: The property name caption in pnlStepM1 is invalid.
Line 292: The property name borderwidth in pnlStepM1 is invalid.
Line 293: The property name bevelouter in pnlStepM1 is invalid.
Line 294: The property name bevelinner in pnlStepM1 is invalid.
Line 366: The property name _version in cmdCanOK is invalid.
Line 367: The property name _extentx in cmdCanOK is invalid.
Line 368: The property name _extenty in cmdCanOK is invalid.
Line 369: The property name _stockprops in cmdCanOK is invalid.
Line 370: The property name caption in cmdCanOK is invalid.
Line 380: The property name _version in cmdCanOK is invalid.
Line 381: The property name _extentx in cmdCanOK is invalid.
Line 382: The property name _extenty in cmdCanOK is invalid.
Line 383: The property name _stockprops in cmdCanOK is invalid.
Line 384: The property name caption in cmdCanOK is invalid.
