Line 30: Class Threed.SSPanel of control pnlRdFrNov was not a loaded control class.
Line 44: Class Threed.SSPanel of control pnlByte was not a loaded control class.
Line 126: Class Threed.SSPanel of control pnlAddr was not a loaded control class.
Line 166: Class Threed.SSCommand of control cmdCanOK was not a loaded control class.
Line 180: Class Threed.SSCommand of control cmdCanOK was not a loaded control class.
Line 36: The property name _version in pnlRdFrNov is invalid.
Line 37: The property name _extentx in pnlRdFrNov is invalid.
Line 38: The property name _extenty in pnlRdFrNov is invalid.
Line 39: The property name _stockprops in pnlRdFrNov is invalid.
Line 41: The property name bevelwidth in pnlRdFrNov is invalid.
Line 42: The property name borderwidth in pnlRdFrNov is invalid.
Line 43: The property name alignment in pnlRdFrNov is invalid.
Line 50: The property name _version in pnlByte is invalid.
Line 51: The property name _extentx in pnlByte is invalid.
Line 52: The property name _extenty in pnlByte is invalid.
Line 53: The property name _stockprops in pnlByte is invalid.
Line 55: The property name bevelouter in pnlByte is invalid.
Line 56: The property name alignment in pnlByte is invalid.
Line 132: The property name _version in pnlAddr is invalid.
Line 133: The property name _extentx in pnlAddr is invalid.
Line 134: The property name _extenty in pnlAddr is invalid.
Line 135: The property name _stockprops in pnlAddr is invalid.
Line 137: The property name bevelouter in pnlAddr is invalid.
Line 138: The property name alignment in pnlAddr is invalid.
Line 173: The property name _version in cmdCanOK is invalid.
Line 174: The property name _extentx in cmdCanOK is invalid.
Line 175: The property name _extenty in cmdCanOK is invalid.
Line 176: The property name _stockprops in cmdCanOK is invalid.
Line 177: The property name caption in cmdCanOK is invalid.
Line 187: The property name _version in cmdCanOK is invalid.
Line 188: The property name _extentx in cmdCanOK is invalid.
Line 189: The property name _extenty in cmdCanOK is invalid.
Line 190: The property name _stockprops in cmdCanOK is invalid.
Line 191: The property name caption in cmdCanOK is invalid.
